setting 'ivy.default.settings.dir' to 'jar:file:/home/dennis/Libraries/play-2.2.0/framework/sbt/sbt-launch.jar!/org/apache/ivy/core/settings'
setting 'ivy.basedir' to '/home/dennis/Projects/uniquedanceevents/prismic/.'
setting 'ivy.default.conf.dir' to 'jar:file:/home/dennis/Libraries/play-2.2.0/framework/sbt/sbt-launch.jar!/org/apache/ivy/core/settings'
impossible to define new type: class not found: org.apache.ivy.plugins.resolver.SshResolver in [] nor Ivy classloader
impossible to define new type: class not found: org.apache.ivy.plugins.resolver.VsftpResolver in [] nor Ivy classloader
impossible to define new type: class not found: org.apache.ivy.plugins.version.PatternVersionMatcher in [] nor Ivy classloader
impossible to define new type: class not found: org.apache.ivy.plugins.trigger.LogTrigger in [] nor Ivy classloader
impossible to define new type: class not found: org.apache.ivy.ant.AntBuildTrigger in [] nor Ivy classloader
impossible to define new type: class not found: org.apache.ivy.plugins.resolver.IvyRepResolver in [] nor Ivy classloader
impossible to define new type: class not found: org.apache.ivy.plugins.signer.bouncycastle.OpenPGPSignatureGenerator in [] nor Ivy classloader
impossible to define new type: class not found: org.apache.ivy.plugins.conflict.RegexpConflictManager in [] nor Ivy classloader
impossible to define new type: class not found: org.apache.ivy.plugins.resolver.SFTPResolver in [] nor Ivy classloader
impossible to define new type: class not found: org.apache.ivy.osgi.updatesite.UpdateSiteResolver in [] nor Ivy classloader
impossible to define new type: class not found: org.apache.ivy.ant.AntCallTrigger in [] nor Ivy classloader
impossible to define new type: class not found: org.apache.ivy.plugins.resolver.MirroredURLResolver in [] nor Ivy classloader
impossible to define new type: class not found: org.apache.ivy.plugins.resolver.packager.PackagerResolver in [] nor Ivy classloader
impossible to define new type: class not found: org.apache.ivy.plugins.resolver.DualResolver in [] nor Ivy classloader
impossible to define new type: class not found: org.apache.ivy.plugins.resolver.VfsResolver in [] nor Ivy classloader
impossible to define new type: class not found: org.apache.ivy.plugins.resolver.JarResolver in [] nor Ivy classloader
impossible to define new type: class not found: org.apache.ivy.osgi.obr.OBRResolver in [] nor Ivy classloader
impossible to define glob matcher: org.apache.ivy.plugins.matcher.GlobPatternMatcher was not found.
setting 'jline.esc.timeout' to '0'
setting 'java.runtime.name' to 'Java(TM) SE Runtime Environment'
setting 'sun.boot.library.path' to '/usr/lib/jvm/java-7-oracle/jre/lib/amd64'
setting 'java.vm.version' to '24.0-b56'
setting 'java.vm.vendor' to 'Oracle Corporation'
setting 'java.vendor.url' to 'http://java.oracle.com/'
setting 'path.separator' to ':'
setting 'java.vm.name' to 'Java HotSpot(TM) 64-Bit Server VM'
setting 'file.encoding.pkg' to 'sun.io'
setting 'user.country' to 'NL'
setting 'sun.java.launcher' to 'SUN_STANDARD'
setting 'sun.os.patch.level' to 'unknown'
setting 'java.vm.specification.name' to 'Java Virtual Machine Specification'
setting 'user.dir' to '/home/dennis/Projects/uniquedanceevents/prismic'
setting 'java.runtime.version' to '1.7.0_40-b43'
setting 'sbt.boot.properties' to '/home/dennis/Libraries/play/framework/sbt/sbt.boot.properties'
setting 'java.awt.graphicsenv' to 'sun.awt.X11GraphicsEnvironment'
setting 'java.endorsed.dirs' to '/usr/lib/jvm/java-7-oracle/jre/lib/endorsed'
setting 'os.arch' to 'amd64'
setting 'java.io.tmpdir' to '/tmp'
setting 'line.separator' to '
'
setting 'java.vm.specification.vendor' to 'Oracle Corporation'
setting 'os.name' to 'Linux'
setting 'sun.jnu.encoding' to 'UTF-8'
setting 'java.library.path' to '/usr/java/packages/lib/amd64:/usr/lib64:/lib64:/lib:/usr/lib'
setting 'java.specification.name' to 'Java Platform API Specification'
setting 'java.class.version' to '51.0'
setting 'play.home' to '/home/dennis/Libraries/play/framework'
setting 'sun.management.compiler' to 'HotSpot 64-Bit Tiered Compilers'
setting 'os.version' to '3.8.0-31-generic'
setting 'user.home' to '/home/dennis'
setting 'user.timezone' to 'Europe/Amsterdam'
setting 'java.awt.printerjob' to 'sun.print.PSPrinterJob'
setting 'file.encoding' to 'UTF-8'
setting 'java.specification.version' to '1.7'
setting 'java.class.path' to '/home/dennis/Libraries/play/framework/sbt/sbt-launch.jar'
setting 'user.name' to 'dennis'
setting 'jline.shutdownhook' to 'false'
setting 'play.version' to '2.2.0'
setting 'java.vm.specification.version' to '1.7'
setting 'sun.java.command' to '/home/dennis/Libraries/play/framework/sbt/sbt-launch.jar play'
setting 'java.home' to '/usr/lib/jvm/java-7-oracle/jre'
setting 'sun.arch.data.model' to '64'
setting 'user.language' to 'nl'
setting 'java.specification.vendor' to 'Oracle Corporation'
setting 'awt.toolkit' to 'sun.awt.X11.XToolkit'
setting 'java.vm.info' to 'mixed mode'
setting 'java.version' to '1.7.0_40'
setting 'java.ext.dirs' to '/usr/lib/jvm/java-7-oracle/jre/lib/ext:/usr/java/packages/lib/ext'
setting 'sun.boot.class.path' to '/usr/lib/jvm/java-7-oracle/jre/lib/resources.jar:/usr/lib/jvm/java-7-oracle/jre/lib/rt.jar:/usr/lib/jvm/java-7-oracle/jre/lib/sunrsasign.jar:/usr/lib/jvm/java-7-oracle/jre/lib/jsse.jar:/usr/lib/jvm/java-7-oracle/jre/lib/jce.jar:/usr/lib/jvm/java-7-oracle/jre/lib/charsets.jar:/usr/lib/jvm/java-7-oracle/jre/lib/jfr.jar:/usr/lib/jvm/java-7-oracle/jre/classes'
setting 'java.vendor' to 'Oracle Corporation'
setting 'file.separator' to '/'
setting 'java.vendor.url.bug' to 'http://bugreport.sun.com/bugreport/'
setting 'sun.io.unicode.encoding' to 'UnicodeLittle'
setting 'sun.cpu.endian' to 'little'
setting 'sun.desktop' to 'gnome'
setting 'sun.cpu.isalist' to ''
setting 'ivy.default.ivy.user.dir' to '/home/dennis/Libraries/play/framework/../repository'
setting 'ivy.home' to '/home/dennis/Libraries/play/framework/../repository'
setting 'ivy.cache.dir' to '/home/dennis/Libraries/play/framework/../repository/cache'
no default cache defined: set to /home/dennis/Libraries/play/framework/../repository/cache
setting 'ivy.checksums' to 'sha1,md5'
setting 'ivy.basedir' to '/home/dennis/Libraries/play/framework/sbt/boot'
setting 'basedir' to '/home/dennis/Libraries/play/framework/sbt/boot'
setting 'scala' to '2.10.2'
:: resolving dependencies :: org.scala-sbt#boot-scala;1.0
	confs: [default]
	validate = true
	refresh = false
resolving dependencies for configuration 'default'
== resolving dependencies for org.scala-sbt#boot-scala;1.0 [default]
loadData of org.scala-sbt#boot-scala;1.0 of rootConf=default
== resolving dependencies org.scala-sbt#boot-scala;1.0->org.scala-lang#scala-compiler;2.10.2 [default->default]
loadData of org.scala-lang#scala-compiler;2.10.2 of rootConf=default
	using redefined-public to resolve org.scala-lang#scala-compiler;2.10.2
redefined-public: Checking cache for: dependency: org.scala-lang#scala-compiler;2.10.2 {default=[default, optional(default)]}
redefined-public: no namespace defined: using system
No entry is found in the ModuleDescriptorCache : /home/dennis/Libraries/play/framework/../repository/cache/org.scala-lang/scala-compiler/ivy-2.10.2.xml
post 1.3 ivy file: using exact as default matcher
	resolver not found: null => trying to use the one configured for org.scala-lang#scala-compiler;2.10.2
	configured resolver found for org.scala-lang#scala-compiler;2.10.2: redefined-public: saving this data
	found ivy file in cache for org.scala-lang#scala-compiler;2.10.2 (resolved by redefined-public): /home/dennis/Libraries/play/framework/../repository/cache/org.scala-lang/scala-compiler/ivy-2.10.2.xml
redefined-public: module revision found in cache: org.scala-lang#scala-compiler;2.10.2
redefined-public: no latest strategy defined: using default
	found org.scala-lang#scala-compiler;2.10.2 in redefined-public
== resolving dependencies org.scala-sbt#boot-scala;1.0->org.scala-lang#scala-compiler;2.10.2 [default->runtime]
loadData of org.scala-lang#scala-compiler;2.10.2 of rootConf=default
== resolving dependencies org.scala-sbt#boot-scala;1.0->org.scala-lang#scala-compiler;2.10.2 [default->compile]
loadData of org.scala-lang#scala-compiler;2.10.2 of rootConf=default
== resolving dependencies org.scala-lang#scala-compiler;2.10.2->org.scala-lang#scala-library;2.10.2 [compile->master(*)]
loadData of org.scala-lang#scala-library;2.10.2 of rootConf=default
	using redefined-public to resolve org.scala-lang#scala-library;2.10.2
redefined-public: Checking cache for: dependency: org.scala-lang#scala-library;2.10.2 {compile=[compile(*), master(*)], runtime=[runtime(*)]}
No entry is found in the ModuleDescriptorCache : /home/dennis/Libraries/play/framework/../repository/cache/org.scala-lang/scala-library/ivy-2.10.2.xml
post 1.3 ivy file: using exact as default matcher
	resolver not found: null => trying to use the one configured for org.scala-lang#scala-library;2.10.2
	configured resolver found for org.scala-lang#scala-library;2.10.2: redefined-public: saving this data
	found ivy file in cache for org.scala-lang#scala-library;2.10.2 (resolved by redefined-public): /home/dennis/Libraries/play/framework/../repository/cache/org.scala-lang/scala-library/ivy-2.10.2.xml
redefined-public: module revision found in cache: org.scala-lang#scala-library;2.10.2
	found org.scala-lang#scala-library;2.10.2 in redefined-public
== resolving dependencies org.scala-lang#scala-compiler;2.10.2->org.scala-lang#scala-library;2.10.2 [compile->compile(*)]
loadData of org.scala-lang#scala-library;2.10.2 of rootConf=default
== resolving dependencies org.scala-lang#scala-compiler;2.10.2->org.scala-lang#scala-library;2.10.2 [compile->default]
loadData of org.scala-lang#scala-library;2.10.2 of rootConf=default
== resolving dependencies org.scala-lang#scala-compiler;2.10.2->org.scala-lang#scala-library;2.10.2 [compile->runtime]
loadData of org.scala-lang#scala-library;2.10.2 of rootConf=default
== resolving dependencies org.scala-lang#scala-compiler;2.10.2->org.scala-lang#scala-library;2.10.2 [compile->compile]
loadData of org.scala-lang#scala-library;2.10.2 of rootConf=default
== resolving dependencies org.scala-lang#scala-compiler;2.10.2->org.scala-lang#scala-library;2.10.2 [compile->master]
loadData of org.scala-lang#scala-library;2.10.2 of rootConf=default
== resolving dependencies org.scala-lang#scala-compiler;2.10.2->org.scala-lang#scala-reflect;2.10.2 [compile->master(*)]
loadData of org.scala-lang#scala-reflect;2.10.2 of rootConf=default
	using redefined-public to resolve org.scala-lang#scala-reflect;2.10.2
redefined-public: Checking cache for: dependency: org.scala-lang#scala-reflect;2.10.2 {compile=[compile(*), master(*)], runtime=[runtime(*)]}
No entry is found in the ModuleDescriptorCache : /home/dennis/Libraries/play/framework/../repository/cache/org.scala-lang/scala-reflect/ivy-2.10.2.xml
post 1.3 ivy file: using exact as default matcher
	resolver not found: null => trying to use the one configured for org.scala-lang#scala-reflect;2.10.2
	configured resolver found for org.scala-lang#scala-reflect;2.10.2: redefined-public: saving this data
	found ivy file in cache for org.scala-lang#scala-reflect;2.10.2 (resolved by redefined-public): /home/dennis/Libraries/play/framework/../repository/cache/org.scala-lang/scala-reflect/ivy-2.10.2.xml
redefined-public: module revision found in cache: org.scala-lang#scala-reflect;2.10.2
	found org.scala-lang#scala-reflect;2.10.2 in redefined-public
== resolving dependencies org.scala-lang#scala-compiler;2.10.2->org.scala-lang#scala-reflect;2.10.2 [compile->compile(*)]
loadData of org.scala-lang#scala-reflect;2.10.2 of rootConf=default
== resolving dependencies org.scala-lang#scala-reflect;2.10.2->org.scala-lang#scala-library;2.10.2 [compile->master(*)]
loadData of org.scala-lang#scala-library;2.10.2 of rootConf=default
default is loaded and no conf to load.  Skip loading
== resolving dependencies org.scala-lang#scala-reflect;2.10.2->org.scala-lang#scala-library;2.10.2 [compile->compile(*)]
loadData of org.scala-lang#scala-library;2.10.2 of rootConf=default
default is loaded and no conf to load.  Skip loading
== resolving dependencies org.scala-lang#scala-compiler;2.10.2->org.scala-lang#scala-library;2.10.2 [runtime->runtime(*)]
loadData of org.scala-lang#scala-library;2.10.2 of rootConf=default
== resolving dependencies org.scala-lang#scala-compiler;2.10.2->org.scala-lang#scala-library;2.10.2 [runtime->compile]
loadData of org.scala-lang#scala-library;2.10.2 of rootConf=default
default is loaded and no conf to load.  Skip loading
== resolving dependencies org.scala-lang#scala-compiler;2.10.2->org.scala-lang#scala-reflect;2.10.2 [runtime->runtime(*)]
loadData of org.scala-lang#scala-reflect;2.10.2 of rootConf=default
== resolving dependencies org.scala-lang#scala-compiler;2.10.2->org.scala-lang#scala-reflect;2.10.2 [runtime->compile]
loadData of org.scala-lang#scala-reflect;2.10.2 of rootConf=default
== resolving dependencies org.scala-lang#scala-reflect;2.10.2->org.scala-lang#scala-library;2.10.2 [runtime->runtime(*)]
loadData of org.scala-lang#scala-library;2.10.2 of rootConf=default
default is loaded and no conf to load.  Skip loading
== resolving dependencies org.scala-lang#scala-reflect;2.10.2->org.scala-lang#scala-library;2.10.2 [runtime->compile]
loadData of org.scala-lang#scala-library;2.10.2 of rootConf=default
default is loaded and no conf to load.  Skip loading
== resolving dependencies org.scala-sbt#boot-scala;1.0->org.scala-lang#scala-compiler;2.10.2 [default->master]
loadData of org.scala-lang#scala-compiler;2.10.2 of rootConf=default
== resolving dependencies org.scala-sbt#boot-scala;1.0->org.scala-lang#scala-compiler;2.10.2 [default->optional(default)]
loadData of org.scala-lang#scala-compiler;2.10.2 of rootConf=default
== resolving dependencies org.scala-lang#scala-compiler;2.10.2->org.scala-lang#jline;2.10.2 [optional->master(*)]
loadData of org.scala-lang#jline;2.10.2 of rootConf=default
	using redefined-public to resolve org.scala-lang#jline;2.10.2
redefined-public: Checking cache for: dependency: org.scala-lang#jline;2.10.2 {optional=[compile(*), master(*)]}
	no ivy file in cache for org.scala-lang#jline;2.10.2: tried /home/dennis/Libraries/play/framework/../repository/cache/org.scala-lang/jline/ivy-2.10.2.xml
local: no namespace defined: using system
	no ivy file in cache for org.scala-lang#jline;2.10.2: tried /home/dennis/Libraries/play/framework/../repository/cache/org.scala-lang/jline/ivy-2.10.2.xml
	 trying /home/dennis/Libraries/play/repository/local/org.scala-lang/jline/2.10.2/ivys/ivy.xml
		tried /home/dennis/Libraries/play/repository/local/org.scala-lang/jline/2.10.2/ivys/ivy.xml
	local: found md file for org.scala-lang#jline;2.10.2
		=> /home/dennis/Libraries/play/repository/local/org.scala-lang/jline/2.10.2/ivys/ivy.xml (2.10.2)
	parser = ivy parser
	no ivy file in cache for org.scala-lang#jline;2.10.2: tried /home/dennis/Libraries/play/framework/../repository/cache/org.scala-lang/jline/ivy-2.10.2.xml
	[NOT REQUIRED] org.scala-lang#jline;2.10.2!ivy.xml(ivy.original)
post 1.3 ivy file: using exact as default matcher
	default-cache: parsed downloaded md file for org.scala-lang#jline;2.10.2; parsed=org.scala-lang#jline;2.10.2
	checking org.scala-lang#jline;2.10.2 from local against [none]
	module revision kept as first found: org.scala-lang#jline;2.10.2 from local
	found org.scala-lang#jline;2.10.2 in local
== resolving dependencies org.scala-lang#scala-compiler;2.10.2->org.scala-lang#jline;2.10.2 [optional->compile(*)]
loadData of org.scala-lang#jline;2.10.2 of rootConf=default
== resolving dependencies org.scala-lang#jline;2.10.2->org.fusesource.jansi#jansi;1.4 [compile->master(*)]
loadData of org.fusesource.jansi#jansi;1.4 of rootConf=default
	using redefined-public to resolve org.fusesource.jansi#jansi;1.4
redefined-public: Checking cache for: dependency: org.fusesource.jansi#jansi;1.4 {compile=[compile(*), master(*)], runtime=[runtime(*)]}
	no ivy file in cache for org.fusesource.jansi#jansi;1.4: tried /home/dennis/Libraries/play/framework/../repository/cache/org.fusesource.jansi/jansi/ivy-1.4.xml
	no ivy file in cache for org.fusesource.jansi#jansi;1.4: tried /home/dennis/Libraries/play/framework/../repository/cache/org.fusesource.jansi/jansi/ivy-1.4.xml
	 trying /home/dennis/Libraries/play/repository/local/org.fusesource.jansi/jansi/1.4/ivys/ivy.xml
		tried /home/dennis/Libraries/play/repository/local/org.fusesource.jansi/jansi/1.4/ivys/ivy.xml
	local: found md file for org.fusesource.jansi#jansi;1.4
		=> /home/dennis/Libraries/play/repository/local/org.fusesource.jansi/jansi/1.4/ivys/ivy.xml (1.4)
	parser = ivy parser
	no ivy file in cache for org.fusesource.jansi#jansi;1.4: tried /home/dennis/Libraries/play/framework/../repository/cache/org.fusesource.jansi/jansi/ivy-1.4.xml
	[NOT REQUIRED] org.fusesource.jansi#jansi;1.4!ivy.xml(ivy.original)
post 1.3 ivy file: using exact as default matcher
	default-cache: parsed downloaded md file for org.fusesource.jansi#jansi;1.4; parsed=org.fusesource.jansi#jansi;1.4
	checking org.fusesource.jansi#jansi;1.4 from local against [none]
	module revision kept as first found: org.fusesource.jansi#jansi;1.4 from local
	found org.fusesource.jansi#jansi;1.4 in local
== resolving dependencies org.scala-lang#jline;2.10.2->org.fusesource.jansi#jansi;1.4 [compile->compile(*)]
loadData of org.fusesource.jansi#jansi;1.4 of rootConf=default
== resolving dependencies org.scala-sbt#boot-scala;1.0->org.scala-lang#scala-library;2.10.2 [default->default]
loadData of org.scala-lang#scala-library;2.10.2 of rootConf=default
default is loaded and no conf to load.  Skip loading
== resolving dependencies org.scala-sbt#boot-scala;1.0->org.scala-lang#scala-library;2.10.2 [default->runtime]
loadData of org.scala-lang#scala-library;2.10.2 of rootConf=default
default is loaded and no conf to load.  Skip loading
== resolving dependencies org.scala-sbt#boot-scala;1.0->org.scala-lang#scala-library;2.10.2 [default->compile]
loadData of org.scala-lang#scala-library;2.10.2 of rootConf=default
default is loaded and no conf to load.  Skip loading
== resolving dependencies org.scala-sbt#boot-scala;1.0->org.scala-lang#scala-library;2.10.2 [default->master]
loadData of org.scala-lang#scala-library;2.10.2 of rootConf=default
default is loaded and no conf to load.  Skip loading
Nbr of module to sort : 5
Sort dependencies of : org.scala-lang#scala-compiler;2.10.2 / Number of dependencies = 3
Sort dependencies of : org.scala-lang#scala-library;2.10.2 / Number of dependencies = 0
Sort done for : org.scala-lang#scala-library;2.10.2
Sort dependencies of : org.scala-lang#scala-reflect;2.10.2 / Number of dependencies = 1
Module descriptor is processed : org.scala-lang#scala-library;2.10.2
Sort done for : org.scala-lang#scala-reflect;2.10.2
Sort dependencies of : org.scala-lang#jline;2.10.2 / Number of dependencies = 1
Sort dependencies of : org.fusesource.jansi#jansi;1.4 / Number of dependencies = 1
Sort done for : org.fusesource.jansi#jansi;1.4
Sort done for : org.scala-lang#jline;2.10.2
Sort done for : org.scala-lang#scala-compiler;2.10.2
Module descriptor is processed : org.scala-lang#scala-library;2.10.2
Module descriptor is processed : org.scala-lang#scala-reflect;2.10.2
Module descriptor is processed : org.scala-lang#jline;2.10.2
Module descriptor is processed : org.fusesource.jansi#jansi;1.4
	resolved ivy file produced in /home/dennis/Libraries/play/framework/sbt/boot/resolution-cache/resolved-org.scala-sbt-boot-scala-1.0.xml
:: downloading artifacts ::
	 trying /home/dennis/Libraries/play/repository/local/org.scala-lang/scala-compiler/2.10.2/jars/scala-compiler.jar
		tried /home/dennis/Libraries/play/repository/local/org.scala-lang/scala-compiler/2.10.2/jars/scala-compiler.jar
	[NOT REQUIRED] org.scala-lang#scala-compiler;2.10.2!scala-compiler.jar
	 trying /home/dennis/Libraries/play/repository/local/org.scala-lang/scala-library/2.10.2/jars/scala-library.jar
		tried /home/dennis/Libraries/play/repository/local/org.scala-lang/scala-library/2.10.2/jars/scala-library.jar
	[NOT REQUIRED] org.scala-lang#scala-library;2.10.2!scala-library.jar
	[NOT REQUIRED] org.scala-lang#scala-reflect;2.10.2!scala-reflect.jar
	 trying /home/dennis/Libraries/play/repository/local/org.scala-lang/jline/2.10.2/jars/jline.jar
		tried /home/dennis/Libraries/play/repository/local/org.scala-lang/jline/2.10.2/jars/jline.jar
	[NOT REQUIRED] org.scala-lang#jline;2.10.2!jline.jar
	 trying /home/dennis/Libraries/play/repository/local/org.fusesource.jansi/jansi/1.4/jars/jansi.jar
		tried /home/dennis/Libraries/play/repository/local/org.fusesource.jansi/jansi/1.4/jars/jansi.jar
	[NOT REQUIRED] org.fusesource.jansi#jansi;1.4!jansi.jar
:: resolution report :: resolve 174ms :: artifacts dl 17ms
Nbr of module to sort : 5
Sort dependencies of : org.scala-lang#scala-compiler;2.10.2 / Number of dependencies = 3
Sort dependencies of : org.scala-lang#scala-library;2.10.2 / Number of dependencies = 0
Sort done for : org.scala-lang#scala-library;2.10.2
Sort dependencies of : org.scala-lang#scala-reflect;2.10.2 / Number of dependencies = 1
Module descriptor is processed : org.scala-lang#scala-library;2.10.2
Sort done for : org.scala-lang#scala-reflect;2.10.2
Sort dependencies of : org.scala-lang#jline;2.10.2 / Number of dependencies = 1
Sort dependencies of : org.fusesource.jansi#jansi;1.4 / Number of dependencies = 1
Sort done for : org.fusesource.jansi#jansi;1.4
Sort done for : org.scala-lang#jline;2.10.2
Sort done for : org.scala-lang#scala-compiler;2.10.2
Module descriptor is processed : org.scala-lang#scala-library;2.10.2
Module descriptor is processed : org.scala-lang#scala-reflect;2.10.2
Module descriptor is processed : org.scala-lang#jline;2.10.2
Module descriptor is processed : org.fusesource.jansi#jansi;1.4
	report for org.scala-sbt#boot-scala;1.0 default produced in /home/dennis/Libraries/play/framework/sbt/boot/resolution-cache/org.scala-sbt-boot-scala-default.xml
	resolve done (174ms resolve - 17ms download)
setting 'scala' to '2.10.2'
:: retrieving :: org.scala-sbt#boot-scala
	checkUpToDate=true
no explicit confs given for retrieve, using ivy file: /home/dennis/Libraries/play/framework/sbt/boot/resolution-cache/resolved-org.scala-sbt-boot-scala-1.0.xml
using ivy parser to parse /home/dennis/Libraries/play/framework/sbt/boot/resolution-cache/resolved-org.scala-sbt-boot-scala-1.0.xml
post 1.3 ivy file: using exact as default matcher
	confs: [default]
	retrieving /home/dennis/Libraries/play/repository/local/org.scala-lang/scala-library/2.10.2/jars/scala-library.jar
		to /home/dennis/Libraries/play/framework/sbt/boot/scala-2.10.2/lib/scala-library.jar
	retrieving /home/dennis/Libraries/play/repository/local/org.scala-lang/scala-compiler/2.10.2/jars/scala-compiler.jar
		to /home/dennis/Libraries/play/framework/sbt/boot/scala-2.10.2/lib/scala-compiler.jar
	retrieving /home/dennis/Libraries/play/repository/local/org.scala-lang/jline/2.10.2/jars/jline.jar
		to /home/dennis/Libraries/play/framework/sbt/boot/scala-2.10.2/lib/jline.jar
	retrieving /home/dennis/Libraries/play/repository/local/org.fusesource.jansi/jansi/1.4/jars/jansi.jar
		to /home/dennis/Libraries/play/framework/sbt/boot/scala-2.10.2/lib/jansi.jar
	retrieving /home/dennis/Libraries/play/repository/local/org.scala-lang/scala-reflect/2.10.2/jars/scala-reflect.jar
		to /home/dennis/Libraries/play/framework/sbt/boot/scala-2.10.2/lib/scala-reflect.jar
	5 artifacts copied, 0 already retrieved (24390kB/77ms)
	retrieve done (77ms)
